<?xml version="1.0" encoding="UTF-8" ?>
<testsuite errors="0" failures="3" hostname="smoosh-PC" name="ValikkoTest" tests="3" time="0.073" timestamp="2012-06-04T13:28:14">
  <properties>
[...]
</properties>
  <testcase classname="ValikkoTest" name="testi1" time="0.009">
    <failure message="Ohjelmasi tulostaa väärän määrän rivejä, kun syötteet ovat: 1, 2, 3" type="junit.framework.AssertionFailedError">junit.framework.AssertionFailedError: Ohjelmasi tulostaa väärän määrän rivejä, kun syötteet ovat: 1, 2, 3
	at ValikkoTest.testi(ValikkoTest.java:30)
	at ValikkoTest.testi1(ValikkoTest.java:38)
	at fi.helsinki.cs.tmc.edutestutils.MockStdio$1.evaluate(MockStdio.java:97)
</failure>
  </testcase>
  <testcase classname="ValikkoTest" name="testi3" time="0.001">
    <failure message="Ohjelmasi tulostaa väärän määrän rivejä, kun syötteet ovat: 3" type="junit.framework.AssertionFailedError">junit.framework.AssertionFailedError: Ohjelmasi tulostaa väärän määrän rivejä, kun syötteet ovat: 3
	at ValikkoTest.testi(ValikkoTest.java:30)
	at ValikkoTest.testi3(ValikkoTest.java:48)
	at fi.helsinki.cs.tmc.edutestutils.MockStdio$1.evaluate(MockStdio.java:97)
</failure>
  </testcase>
  <testcase classname="ValikkoTest" name="testi2" time="0.002">
    <failure message="Ohjelmasi tulostaa väärän määrän rivejä, kun syötteet ovat: 2, 2, 1, 3" type="junit.framework.AssertionFailedError">junit.framework.AssertionFailedError: Ohjelmasi tulostaa väärän määrän rivejä, kun syötteet ovat: 2, 2, 1, 3
	at ValikkoTest.testi(ValikkoTest.java:30)
	at ValikkoTest.testi2(ValikkoTest.java:43)
	at fi.helsinki.cs.tmc.edutestutils.MockStdio$1.evaluate(MockStdio.java:97)
</failure>
  </testcase>
  <system-out><![CDATA[]]></system-out>
  <system-err><![CDATA[]]></system-err>
</testsuite>
